/bin/bash /opt/stack/neo4j-graphdb/bin/neo4j console
python /opt/stack/whale/bin/whale-init --config-file /etc/whale/whale.conf
python /opt/stack/whale/bin/whale-server --config-file /etc/whale/whale.conf
python /opt/stack/janus/bin/janus-init --config-file /etc/janus/janus.conf
python /opt/stack/ryu/bin/ryu-manager --flagfile /etc/ryu/ryu.conf
/usr/bin/python /usr/local/bin/nova-api --config-dir=/etc/nova
/usr/bin/python /usr/local/bin/glance-api --config-file=/etc/glance/glance-api.conf
/usr/bin/python /usr/local/bin/neutron-server --config-file /etc/neutron/neutron.conf --config-file /etc/neutron/plugins/janus/janus.ini
/usr/bin/python /usr/local/bin/neutron-dhcp-agent --config-file /etc/neutron/neutron.conf --config-file /etc/neutron/dhcp_agent.ini
/usr/bin/python /usr/local/bin/neutron-l3-agent --config-file /etc/neutron/neutron.conf --config-file /etc/neutron/l3_agent.ini
python /opt/stack/quantum/neutron/plugins/janus/agent/janus_neutron_agent.py --config-file /etc/neutron/neutron.conf --config-file /etc/neutron/plugins/janus/janus.ini
/usr/bin/python /usr/local/bin/neutron-metadata-agent --config-file /etc/neutron/neutron.conf --config-file /etc/neutron/metadata_agent.ini
sg libvirtd nova-conductor --config-dir=/etc/nova
/usr/bin/python /usr/local/bin/nova-cert --config-dir=/etc/nova
/usr/bin/python /usr/local/bin/nova-scheduler --config-dir=/etc/nova
/usr/bin/python /usr/local/bin/nova-novncproxy --config-file /etc/nova/nova.conf --web /opt/stack/noVNC
/usr/bin/python /usr/local/bin/nova-xvpvncproxy --config-file /etc/nova/nova.conf
/usr/bin/python /usr/local/bin/nova-consoleauth --config-dir=/etc/nova
python /opt/stack/cinder/bin/cinder-api --config-file /etc/cinder/cinder.conf
python /opt/stack/cinder/bin/cinder-scheduler --config-file /etc/cinder/cinder.conf
sudo ip netns exec qrouter-5b8eed7c-1183-4f74-ba26-6965954bde23 bin/arp_handler.py
python get_email.py
